c:\users\mike\desktop\u4\comp371\assignment\assignment1\framework\build\debug\vc120.pdb
c:\users\mike\desktop\u4\comp371\assignment\assignment1\framework\build\debug\vc120.idb
c:\users\mike\desktop\u4\comp371\assignment\assignment1\framework\build\debug\animation.obj
c:\users\mike\desktop\u4\comp371\assignment\assignment1\framework\build\debug\camera.obj
c:\users\mike\desktop\u4\comp371\assignment\assignment1\framework\build\debug\firstpersoncamera.obj
c:\users\mike\desktop\u4\comp371\assignment\assignment1\framework\build\debug\spheremodel.obj
c:\users\mike\desktop\u4\comp371\assignment\assignment1\framework\build\debug\staticcamera.obj
c:\users\mike\desktop\u4\comp371\assignment\assignment1\framework\build\debug\eventmanager.obj
c:\users\mike\desktop\u4\comp371\assignment\assignment1\framework\build\debug\main.obj
c:\users\mike\desktop\u4\comp371\assignment\assignment1\framework\build\debug\model.obj
c:\users\mike\desktop\u4\comp371\assignment\assignment1\framework\build\debug\cubemodel.obj
c:\users\mike\desktop\u4\comp371\assignment\assignment1\framework\build\debug\renderer.obj
c:\users\mike\desktop\u4\comp371\assignment\assignment1\framework\build\debug\world.obj
c:\users\mike\desktop\u4\comp371\assignment\assignment2\framework\build\debug\vc120.pdb
c:\users\mike\desktop\u4\comp371\assignment\assignment2\framework\build\debug\vc120.idb
c:\users\mike\desktop\u4\comp371\assignment\assignment2\framework\build\debug\animation.obj
c:\users\mike\desktop\u4\comp371\assignment\assignment2\framework\build\debug\billboard.obj
c:\users\mike\desktop\u4\comp371\assignment\assignment2\framework\build\debug\camera.obj
c:\users\mike\desktop\u4\comp371\assignment\assignment2\framework\build\debug\cubemodel.obj
c:\users\mike\desktop\u4\comp371\assignment\assignment2\framework\build\debug\eventmanager.obj
c:\users\mike\desktop\u4\comp371\assignment\assignment2\framework\build\debug\firstpersoncamera.obj
c:\users\mike\desktop\u4\comp371\assignment\assignment2\framework\build\debug\main.obj
c:\users\mike\desktop\u4\comp371\assignment\assignment2\framework\build\debug\model.obj
c:\users\mike\desktop\u4\comp371\assignment\assignment2\framework\build\debug\particledescriptor.obj
c:\users\mike\desktop\u4\comp371\assignment\assignment2\framework\build\debug\particleemitter.obj
c:\users\mike\desktop\u4\comp371\assignment\assignment2\framework\build\debug\particlesystem.obj
c:\users\mike\desktop\u4\comp371\assignment\assignment2\framework\build\debug\renderer.obj
c:\users\mike\desktop\u4\comp371\assignment\assignment2\framework\build\debug\spheremodel.obj
c:\users\mike\desktop\u4\comp371\assignment\assignment2\framework\build\debug\staticcamera.obj
c:\users\mike\desktop\u4\comp371\assignment\assignment2\framework\build\debug\textureloader.obj
c:\users\mike\desktop\u4\comp371\assignment\assignment2\framework\build\debug\world.obj
c:\users\mike\desktop\u4\comp371\assignment\assignment3\framework\build\debug\vc120.pdb
c:\users\mike\desktop\u4\comp371\assignment\assignment3\framework\build\debug\vc120.idb
c:\users\mike\desktop\u4\comp371\assignment\assignment3\framework\build\debug\animation.obj
c:\users\mike\desktop\u4\comp371\assignment\assignment3\framework\build\debug\billboard.obj
c:\users\mike\desktop\u4\comp371\assignment\assignment3\framework\build\debug\camera.obj
c:\users\mike\desktop\u4\comp371\assignment\assignment3\framework\build\debug\cubemodel.obj
c:\users\mike\desktop\u4\comp371\assignment\assignment3\framework\build\debug\eventmanager.obj
c:\users\mike\desktop\u4\comp371\assignment\assignment3\framework\build\debug\firstpersoncamera.obj
c:\users\mike\desktop\u4\comp371\assignment\assignment3\framework\build\debug\model.obj
c:\users\mike\desktop\u4\comp371\assignment\assignment3\framework\build\debug\particledescriptor.obj
c:\users\mike\desktop\u4\comp371\assignment\assignment3\framework\build\debug\particleemitter.obj
c:\users\mike\desktop\u4\comp371\assignment\assignment3\framework\build\debug\particlesystem.obj
c:\users\mike\desktop\u4\comp371\assignment\assignment3\framework\build\debug\renderer.obj
c:\users\mike\desktop\u4\comp371\assignment\assignment3\framework\build\debug\spheremodel.obj
c:\users\mike\desktop\u4\comp371\assignment\assignment3\framework\build\debug\staticcamera.obj
c:\users\mike\desktop\u4\comp371\assignment\assignment3\framework\build\debug\textureloader.obj
c:\users\mike\desktop\u4\comp371\assignment\assignment3\framework\build\debug\world.obj
c:\users\mike\desktop\u4\comp371\assignment\assignment3\framework\build\debug\main.obj
c:\users\mike\desktop\u4\comp371\assignment\assignment3\framework\build\debug\pointlight.obj
c:\users\mike\desktop\u4\comp371\assignment\assignment3\framework\build\debug\bspline.obj
c:\users\mike\desktop\u4\comp371\assignment\assignment1\framework\bin\assignment1-debug.ilk
c:\users\mike\desktop\u4\comp371\assignment\assignment1\framework\bin\assignment1-debug.exe
c:\users\mike\desktop\u4\comp371\assignment\assignment1\framework\bin\assignment1-debug.pdb
c:\users\mike\desktop\u4\comp371\assignment\assignment2\framework\bin\assignment1-debug.ilk
c:\users\mike\desktop\u4\comp371\assignment\assignment2\framework\bin\assignment1-debug.exe
c:\users\mike\desktop\u4\comp371\assignment\assignment2\framework\bin\assignment1-debug.pdb
c:\users\mike\desktop\u4\comp371\assignment\assignment3\framework\vs2013\/../bin/assignment1-debug.pdb
c:\users\mike\desktop\u4\comp371\assignment\assignment3\framework\build\debug\assignment1.tlog\cl.command.1.tlog
c:\users\mike\desktop\u4\comp371\assignment\assignment3\framework\build\debug\assignment1.tlog\cl.read.1.tlog
c:\users\mike\desktop\u4\comp371\assignment\assignment3\framework\build\debug\assignment1.tlog\cl.write.1.tlog
c:\users\mike\desktop\u4\comp371\assignment\assignment3\framework\build\debug\assignment1.tlog\link-cvtres.read.1.tlog
c:\users\mike\desktop\u4\comp371\assignment\assignment3\framework\build\debug\assignment1.tlog\link-cvtres.write.1.tlog
c:\users\mike\desktop\u4\comp371\assignment\assignment3\framework\build\debug\assignment1.tlog\link-rc.read.1.tlog
c:\users\mike\desktop\u4\comp371\assignment\assignment3\framework\build\debug\assignment1.tlog\link-rc.write.1.tlog
c:\users\mike\desktop\u4\comp371\assignment\assignment3\framework\build\debug\assignment1.tlog\link.7032-cvtres.read.1.tlog
c:\users\mike\desktop\u4\comp371\assignment\assignment3\framework\build\debug\assignment1.tlog\link.7032-cvtres.write.1.tlog
c:\users\mike\desktop\u4\comp371\assignment\assignment3\framework\build\debug\assignment1.tlog\link.7032-rc.read.1.tlog
c:\users\mike\desktop\u4\comp371\assignment\assignment3\framework\build\debug\assignment1.tlog\link.7032-rc.write.1.tlog
c:\users\mike\desktop\u4\comp371\assignment\assignment3\framework\build\debug\assignment1.tlog\link.7032.read.1.tlog
c:\users\mike\desktop\u4\comp371\assignment\assignment3\framework\build\debug\assignment1.tlog\link.7032.write.1.tlog
c:\users\mike\desktop\u4\comp371\assignment\assignment3\framework\build\debug\assignment1.tlog\link.command.1.tlog
c:\users\mike\desktop\u4\comp371\assignment\assignment3\framework\build\debug\assignment1.tlog\link.read.1.tlog
c:\users\mike\desktop\u4\comp371\assignment\assignment3\framework\build\debug\assignment1.tlog\link.write.1.tlog
