Build started 2015/8/16 16:24:37.
     1>Project "C:\Users\viviane\Desktop\comp371\COMP371\VS2012\Assignment1.vcxproj" on node 2 (Build target(s)).
     1>ClCompile:
         C:\Program Files (x86)\Microsoft Visual Studio 11.0\VC\bin\CL.exe /c /I"../ThirdParty/FreeImage-3170/Source" /I"../ThirdParty/glew-1.10.0/include" /I"../ThirdParty/glfw-3.0.4/include" /I../ThirdParty/glm /ZI /nologo /W3 /WX- /Od /Oy- /D WIN32 /D _DEBUG /D _CONSOLE /D _UNICODE /D UNICODE /Gm /EHsc /RTC1 /MDd /GS /fp:precise /Zc:wchar_t /Zc:forScope /Fo"C:\Users\viviane\Desktop\comp371\COMP371\VS2012\/../Build/Debug/" /Fd"C:\Users\viviane\Desktop\comp371\COMP371\VS2012\/../Build/Debug/vc110.pdb" /Gd /TP /analyze- /errorReport:prompt ..\Source\World.cpp
         World.cpp
       Link:
         C:\Program Files (x86)\Microsoft Visual Studio 11.0\VC\bin\link.exe /ERRORREPORT:PROMPT /OUT:"C:\Users\viviane\Desktop\comp371\COMP371\VS2012\/../Bin/Assignment1-Debug.exe" /INCREMENTAL /NOLOGO /LIBPATH:"../ThirdParty/FreeImage-3170/lib/Win32" /LIBPATH:"../ThirdParty/glew-1.10.0/lib/Release/Win32" /LIBPATH:"../ThirdParty/glfw-3.0.4/lib/Win32/lib-msvc110" FreeImage.lib opengl32.lib glew32s.lib glfw3.lib kernel32.lib user32.lib gdi32.lib winspool.lib comdlg32.lib advapi32.lib shell32.lib ole32.lib oleaut32.lib uuid.lib odbc32.lib odbccp32.lib kernel32.lib user32.lib gdi32.lib winspool.lib comdlg32.lib advapi32.lib shell32.lib ole32.lib oleaut32.lib uuid.lib odbc32.lib odbccp32.lib /MANIFEST /MANIFESTUAC:"level='asInvoker' uiAccess='false'" /manifest:embed /DEBUG /PDB:"C:\Users\viviane\Desktop\comp371\COMP371\VS2012\/../Bin/Assignment1-Debug.pdb" /SUBSYSTEM:CONSOLE /TLBID:1 /DYNAMICBASE /NXCOMPAT /IMPLIB:"C:\Users\viviane\Desktop\comp371\COMP371\VS2012\/../Bin/Assignment1-Debug.lib" /MACHINE:X86 C:\Users\viviane\Desktop\comp371\COMP371\VS2012\/../Build/Debug/Animation.obj
         C:\Users\viviane\Desktop\comp371\COMP371\VS2012\/../Build/Debug/Billboard.obj
         C:\Users\viviane\Desktop\comp371\COMP371\VS2012\/../Build/Debug/BSpline.obj
         C:\Users\viviane\Desktop\comp371\COMP371\VS2012\/../Build/Debug/Camera.obj
         C:\Users\viviane\Desktop\comp371\COMP371\VS2012\/../Build/Debug/FirstPersonCamera.obj
         C:\Users\viviane\Desktop\comp371\COMP371\VS2012\/../Build/Debug/ParticleDescriptor.obj
         C:\Users\viviane\Desktop\comp371\COMP371\VS2012\/../Build/Debug/ParticleEmitter.obj
         C:\Users\viviane\Desktop\comp371\COMP371\VS2012\/../Build/Debug/ParticleSystem.obj
         C:\Users\viviane\Desktop\comp371\COMP371\VS2012\/../Build/Debug/SphereModel.obj
         C:\Users\viviane\Desktop\comp371\COMP371\VS2012\/../Build/Debug/StaticCamera.obj
         C:\Users\viviane\Desktop\comp371\COMP371\VS2012\/../Build/Debug/EventManager.obj
         C:\Users\viviane\Desktop\comp371\COMP371\VS2012\/../Build/Debug/main.obj
         C:\Users\viviane\Desktop\comp371\COMP371\VS2012\/../Build/Debug/Model.obj
         C:\Users\viviane\Desktop\comp371\COMP371\VS2012\/../Build/Debug/CubeModel.obj
         C:\Users\viviane\Desktop\comp371\COMP371\VS2012\/../Build/Debug/Renderer.obj
         C:\Users\viviane\Desktop\comp371\COMP371\VS2012\/../Build/Debug/TextureLoader.obj
         C:\Users\viviane\Desktop\comp371\COMP371\VS2012\/../Build/Debug/ThirdPersonCamera.obj
         C:\Users\viviane\Desktop\comp371\COMP371\VS2012\/../Build/Debug/World.obj
     1>LINK : warning LNK4098: defaultlib 'LIBCMT' conflicts with use of other libs; use /NODEFAULTLIB:library
     1>LINK : warning LNK4098: defaultlib 'MSVCRT' conflicts with use of other libs; use /NODEFAULTLIB:library
     1>World.obj : error LNK2019: unresolved external symbol "public: __thiscall ObjectModel::ObjectModel(char const *)" (??0ObjectModel@@QAE@PBD@Z) referenced in function "public: void __thiscall World::LoadScene(char const *)" (?LoadScene@World@@QAEXPBD@Z)
     1>C:\Users\viviane\Desktop\comp371\COMP371\VS2012\/../Bin/Assignment1-Debug.exe : fatal error LNK1120: 1 unresolved externals
     1>Done Building Project "C:\Users\viviane\Desktop\comp371\COMP371\VS2012\Assignment1.vcxproj" (Build target(s)) -- FAILED.

Build FAILED.

Time Elapsed 00:00:05.64
